This is pdfTeXk, Version 3.141592-1.40.3 (Web2C 7.5.6) (format=pdflatex 2009.5.29)  17 JUN 2009 08:30
entering extended mode
 %&-line parsing enabled.
**final.tex
(./final.tex
LaTeX2e <2005/12/01>
Babel <v3.8h> and hyphenation patterns for english, usenglishmax, dumylang, noh
yphenation, ukrainian, russian, bulgarian, loaded.
(/usr/share/texmf-texlive/tex/latex/base/article.cls
Document Class: article 2005/09/16 v1.4f Standard LaTeX document class
(/usr/share/texmf-texlive/tex/latex/base/size12.clo
File: size12.clo 2005/09/16 v1.4f Standard LaTeX file (size option)
)
\c@part=\count79
\c@section=\count80
\c@subsection=\count81
\c@subsubsection=\count82
\c@paragraph=\count83
\c@subparagraph=\count84
\c@figure=\count85
\c@table=\count86
\abovecaptionskip=\skip41
\belowcaptionskip=\skip42
\bibindent=\dimen102
)
(/usr/share/texmf-texlive/tex/latex/amsmath/amsmath.sty
Package: amsmath 2000/07/18 v2.13 AMS math features
\@mathmargin=\skip43

For additional information on amsmath, use the `?' option.
(/usr/share/texmf-texlive/tex/latex/amsmath/amstext.sty
Package: amstext 2000/06/29 v2.01

(/usr/share/texmf-texlive/tex/latex/amsmath/amsgen.sty
File: amsgen.sty 1999/11/30 v2.0
\@emptytoks=\toks14
\ex@=\dimen103
))
(/usr/share/texmf-texlive/tex/latex/amsmath/amsbsy.sty
Package: amsbsy 1999/11/29 v1.2d
\pmbraise@=\dimen104
)
(/usr/share/texmf-texlive/tex/latex/amsmath/amsopn.sty
Package: amsopn 1999/12/14 v2.01 operator names
)
\inf@bad=\count87
LaTeX Info: Redefining \frac on input line 211.
\uproot@=\count88
\leftroot@=\count89
LaTeX Info: Redefining \overline on input line 307.
\classnum@=\count90
\DOTSCASE@=\count91
LaTeX Info: Redefining \ldots on input line 379.
LaTeX Info: Redefining \dots on input line 382.
LaTeX Info: Redefining \cdots on input line 467.
\Mathstrutbox@=\box26
\strutbox@=\box27
\big@size=\dimen105
LaTeX Font Info:    Redeclaring font encoding OML on input line 567.
LaTeX Font Info:    Redeclaring font encoding OMS on input line 568.
\macc@depth=\count92
\c@MaxMatrixCols=\count93
\dotsspace@=\muskip10
\c@parentequation=\count94
\dspbrk@lvl=\count95
\tag@help=\toks15
\row@=\count96
\column@=\count97
\maxfields@=\count98
\andhelp@=\toks16
\eqnshift@=\dimen106
\alignsep@=\dimen107
\tagshift@=\dimen108
\tagwidth@=\dimen109
\totwidth@=\dimen110
\lineht@=\dimen111
\@envbody=\toks17
\multlinegap=\skip44
\multlinetaggap=\skip45
\mathdisplay@stack=\toks18
LaTeX Info: Redefining \[ on input line 2666.
LaTeX Info: Redefining \] on input line 2667.
)
(/usr/share/texmf-texlive/tex/latex/amsfonts/amssymb.sty
Package: amssymb 2002/01/22 v2.2d

(/usr/share/texmf-texlive/tex/latex/amsfonts/amsfonts.sty
Package: amsfonts 2001/10/25 v2.2f
\symAMSa=\mathgroup4
\symAMSb=\mathgroup5
LaTeX Font Info:    Overwriting math alphabet `\mathfrak' in version `bold'
(Font)                  U/euf/m/n --> U/euf/b/n on input line 132.
))
(/usr/share/texmf-texlive/tex/latex/amscls/amsthm.sty
Package: amsthm 2004/08/06 v2.20
\thm@style=\toks19
\thm@bodyfont=\toks20
\thm@headfont=\toks21
\thm@notefont=\toks22
\thm@headpunct=\toks23
\thm@preskip=\skip46
\thm@postskip=\skip47
\thm@headsep=\skip48
\dth@everypar=\toks24
)
(/usr/share/texmf-texlive/tex/latex/graphics/graphicx.sty
Package: graphicx 1999/02/16 v1.0f Enhanced LaTeX Graphics (DPC,SPQR)

(/usr/share/texmf-texlive/tex/latex/graphics/keyval.sty
Package: keyval 1999/03/16 v1.13 key=value parser (DPC)
\KV@toks@=\toks25
)
(/usr/share/texmf-texlive/tex/latex/graphics/graphics.sty
Package: graphics 2006/02/20 v1.0o Standard LaTeX Graphics (DPC,SPQR)

(/usr/share/texmf-texlive/tex/latex/graphics/trig.sty
Package: trig 1999/03/16 v1.09 sin cos tan (DPC)
)
(/etc/texmf/tex/latex/config/graphics.cfg
File: graphics.cfg 2007/01/18 v1.5 graphics configuration of teTeX/TeXLive
)
Package graphics Info: Driver file: pdftex.def on input line 90.

(/usr/share/texmf-texlive/tex/latex/pdftex-def/pdftex.def
File: pdftex.def 2007/01/08 v0.04d Graphics/color for pdfTeX
\Gread@gobject=\count99
))
\Gin@req@height=\dimen112
\Gin@req@width=\dimen113
) (./final.aux

LaTeX Warning: Label `fig:pnR_512_top10_gumbel' multiply defined.


LaTeX Warning: Label `fig:pnC_512_top10_gumbel' multiply defined.

)
\openout1 = `final.aux'.

LaTeX Font Info:    Checking defaults for OML/cmm/m/it on input line 6.
LaTeX Font Info:    ... okay on input line 6.
LaTeX Font Info:    Checking defaults for T1/cmr/m/n on input line 6.
LaTeX Font Info:    ... okay on input line 6.
LaTeX Font Info:    Checking defaults for OT1/cmr/m/n on input line 6.
LaTeX Font Info:    ... okay on input line 6.
LaTeX Font Info:    Checking defaults for OMS/cmsy/m/n on input line 6.
LaTeX Font Info:    ... okay on input line 6.
LaTeX Font Info:    Checking defaults for OMX/cmex/m/n on input line 6.
LaTeX Font Info:    ... okay on input line 6.
LaTeX Font Info:    Checking defaults for U/cmr/m/n on input line 6.
LaTeX Font Info:    ... okay on input line 6.
 (/usr/share/texmf/tex/context/base/supp-pdf.tex
[Loading MPS to PDF converter (version 2006.09.02).]
\scratchcounter=\count100
\scratchdimen=\dimen114
\scratchbox=\box28
\nofMPsegments=\count101
\nofMParguments=\count102
\everyMPshowfont=\toks26
\MPscratchCnt=\count103
\MPscratchDim=\dimen115
\MPnumerator=\count104
\everyMPtoPDFconversion=\toks27
)
LaTeX Font Info:    Try loading font information for U+msa on input line 21.
 (/usr/share/texmf-texlive/tex/latex/amsfonts/umsa.fd
File: umsa.fd 2002/01/19 v2.2g AMS font definitions
)
LaTeX Font Info:    Try loading font information for U+msb on input line 21.

(/usr/share/texmf-texlive/tex/latex/amsfonts/umsb.fd
File: umsb.fd 2002/01/19 v2.2g AMS font definitions
)
Overfull \hbox (82.50682pt too wide) detected at line 29
\OT1/cmr/m/n/12 	(\OML/cmm/m/it/12 x; y\OT1/cmr/m/n/12 ) = [] \OML/cmm/m/it/12 
a[] [] [] \OT1/cmr/m/n/12 + \OML/cmm/m/it/12 b[]i [] []
 []

[1

{/var/lib/texmf/fonts/map/pdftex/updmap/pdftex.map}]
<ascaleSquares.png, id=11, 421.575pt x 316.18124pt>
File: ascaleSquares.png Graphic file (type png)
 <use ascaleSquares.png>
[2 <./ascaleSquares.png (PNG copy)>]
<wlscaleSquares.png, id=15, 421.575pt x 316.18124pt>
File: wlscaleSquares.png Graphic file (type png)
 <use wlscaleSquares.png>
[3 <./wlscaleSquares.png (PNG copy)>] [4] [5] [6]
<avgExVsAreal.png, id=31, 421.575pt x 316.18124pt>
File: avgExVsAreal.png Graphic file (type png)
 <use avgExVsAreal.png>
[7 <./avgExVsAreal.png (PNG copy)>]
<avgExVsAcomp.png, id=36, 421.575pt x 316.18124pt>
File: avgExVsAcomp.png Graphic file (type png)
 <use avgExVsAcomp.png>
[8 <./avgExVsAcomp.png (PNG copy)>]
<complex_meanEx_wLog.png, id=40, 449.68pt x 337.26pt>
File: complex_meanEx_wLog.png Graphic file (type png)

<use complex_meanEx_wLog.png> [9 <./complex_meanEx_wLog.png (PNG copy)>]
<bcomplex-log.png, id=44, 421.575pt x 316.18124pt>
File: bcomplex-log.png Graphic file (type png)
 <use bcomplex-log.png>
[10] [11 <./bcomplex-log.png (PNG copy)>]
<40000it32x32gumbR.png, id=51, 421.575pt x 316.18124pt>
File: 40000it32x32gumbR.png Graphic file (type png)

<use 40000it32x32gumbR.png>
<40000it32x32gumbRpredictive.png, id=52, 421.575pt x 316.18124pt>
File: 40000it32x32gumbRpredictive.png Graphic file (type png)

<use 40000it32x32gumbRpredictive.png> [12] [13 <./40000it32x32gumbR.png (PNG co
py)>] [14 <./40000it32x32gumbRpredictive.png (PNG copy)>]
<pnR_512_top10_gumbel.png, id=63, 421.575pt x 316.18124pt>
File: pnR_512_top10_gumbel.png Graphic file (type png)

<use pnR_512_top10_gumbel.png> [15 <./pnR_512_top10_gumbel.png (PNG copy)>]
<pnR_512_bot10_weibul.png, id=67, 421.575pt x 316.18124pt>
File: pnR_512_bot10_weibul.png Graphic file (type png)

<use pnR_512_bot10_weibul.png> [16 <./pnR_512_bot10_weibul.png (PNG copy)>]
File: pnR_512_top10_gumbel.png Graphic file (type png)

<use pnR_512_top10_gumbel.png> [17]
<pnR_512_bot10diff_gumbel_weibull.png, id=75, 421.575pt x 316.18124pt>
File: pnR_512_bot10diff_gumbel_weibull.png Graphic file (type png)

<use pnR_512_bot10diff_gumbel_weibull.png>
<pnR_512_bot10diff_normal.png, id=76, 421.575pt x 316.18124pt>
File: pnR_512_bot10diff_normal.png Graphic file (type png)

<use pnR_512_bot10diff_normal.png> [18 <./pnR_512_bot10diff_gumbel_weibull.png 
(PNG copy)>] [19 <./pnR_512_bot10diff_normal.png (PNG copy)>]
<extremeDistVsGumb.png, id=84, 421.575pt x 316.18124pt>
File: extremeDistVsGumb.png Graphic file (type png)

<use extremeDistVsGumb.png> [20] [21 <./extremeDistVsGumb.png (PNG copy)>]
<25000it128x128gumb.png, id=91, 421.575pt x 316.18124pt>
File: 25000it128x128gumb.png Graphic file (type png)

<use 25000it128x128gumb.png> [22 <./25000it128x128gumb.png (PNG copy)>]
<predictive_gumb_complex.png, id=95, 421.575pt x 316.18124pt>
File: predictive_gumb_complex.png Graphic file (type png)

<use predictive_gumb_complex.png>
<pnC_512_top10_gumbel.png, id=96, 449.68pt x 337.26pt>
File: pnC_512_top10_gumbel.png Graphic file (type png)

<use pnC_512_top10_gumbel.png> [23] [24 <./predictive_gumb_complex.png (PNG cop
y)>] [25 <./pnC_512_top10_gumbel.png (PNG copy)>]
<pnC_512_bot10_weibul.png, id=107, 449.68pt x 337.26pt>
File: pnC_512_bot10_weibul.png Graphic file (type png)

<use pnC_512_bot10_weibul.png> [26 <./pnC_512_bot10_weibul.png (PNG copy)>]
File: pnC_512_top10_gumbel.png Graphic file (type png)

<use pnC_512_top10_gumbel.png>
<pnC_512_bot10diff_gumbel_weibull.png, id=111, 421.575pt x 316.18124pt>
File: pnC_512_bot10diff_gumbel_weibull.png Graphic file (type png)

<use pnC_512_bot10diff_gumbel_weibull.png> [27]
<pnC_512_bot10diff_normal.png, id=115, 421.575pt x 316.18124pt>
File: pnC_512_bot10diff_normal.png Graphic file (type png)

<use pnC_512_bot10diff_normal.png> [28 <./pnC_512_bot10diff_gumbel_weibull.png 
(PNG copy)>] [29 <./pnC_512_bot10diff_normal.png (PNG copy)>]
<randomdist1000p50by50wav1000.png, id=122, 421.575pt x 316.18124pt>
File: randomdist1000p50by50wav1000.png Graphic file (type png)

<use randomdist1000p50by50wav1000.png> [30 <./randomdist1000p50by50wav1000.png 
(PNG copy)>] <autocorr50by50wav1000.png, id=126, 581.17125pt x 484.05844pt>
File: autocorr50by50wav1000.png Graphic file (type png)

<use autocorr50by50wav1000.png> [31] [32 <./autocorr50by50wav1000.png (PNG copy
)>] <randomdist1000p50by50wav1000C.png, id=134, 421.575pt x 316.18124pt>
File: randomdist1000p50by50wav1000C.png Graphic file (type png)

<use randomdist1000p50by50wav1000C.png> [33 <./randomdist1000p50by50wav1000C.pn
g (PNG copy)>] <autocorr50by50wav1000C.png, id=138, 733.23938pt x 602.25pt>
File: autocorr50by50wav1000C.png Graphic file (type png)

<use autocorr50by50wav1000C.png> [34 <./autocorr50by50wav1000C.png (PNG copy)>]
[35] (./final.aux)

LaTeX Warning: There were multiply-defined labels.

 ) 
Here is how much of TeX's memory you used:
 1971 strings out of 94834
 25268 string characters out of 1179181
 74742 words of memory out of 1500000
 5140 multiletter control sequences out of 10000+50000
 9812 words of font info for 37 fonts, out of 1200000 for 2000
 212 hyphenation exceptions out of 8191
 27i,10n,24p,461b,211s stack positions out of 5000i,500n,6000p,200000b,5000s
</usr/share/texmf-texlive/fonts/type1/bluesky/cm/cmbx12.pfb></usr/share/texmf
-texlive/fonts/type1/bluesky/cm/cmex10.pfb></usr/share/texmf-texlive/fonts/type
1/bluesky/cm/cmmi12.pfb></usr/share/texmf-texlive/fonts/type1/bluesky/cm/cmmi6.
pfb></usr/share/texmf-texlive/fonts/type1/bluesky/cm/cmmi8.pfb></usr/share/texm
f-texlive/fonts/type1/bluesky/cm/cmr12.pfb></usr/share/texmf-texlive/fonts/type
1/bluesky/cm/cmr6.pfb></usr/share/texmf-texlive/fonts/type1/bluesky/cm/cmr8.pfb
></usr/share/texmf-texlive/fonts/type1/bluesky/cm/cmsy10.pfb></usr/share/texmf-
texlive/fonts/type1/bluesky/cm/cmsy8.pfb>
Output written on final.pdf (35 pages, 331089 bytes).
PDF statistics:
 177 PDF objects out of 1000 (max. 8388607)
 0 named destinations out of 1000 (max. 131072)
 116 words of extra memory for PDF output out of 10000 (max. 10000000)

